#
# There is insufficient memory for the Java Runtime Environment to continue.
# Native memory allocation (malloc) failed to allocate 32744 bytes. Error detail: Chunk::new
# Possible reasons:
#   The system is out of physical RAM or swap space
#   This process is running with CompressedOops enabled, and the Java Heap may be blocking the growth of the native heap
# Possible solutions:
#   Reduce memory load on the system
#   Increase physical memory or swap space
#   Check if swap backing store is full
#   Decrease Java heap size (-Xmx/-Xms)
#   Decrease number of Java threads
#   Decrease Java thread stack sizes (-Xss)
#   Set larger code cache with -XX:ReservedCodeCacheSize=
#   JVM is running with Unscaled Compressed Oops mode in which the Java heap is
#     placed in the first 4GB address space. The Java Heap base address is the
#     maximum limit for the native heap growth. Please use -XX:HeapBaseMinAddress
#     to set the Java Heap base and to place the Java Heap above 4GB virtual address.
# This output file may be truncated or incomplete.
#
#  Out of Memory Error (arena.cpp:168), pid=30356, tid=27012
#
# JRE version: OpenJDK Runtime Environment JBR-21.0.6+8-631.39-jcef (21.0.6+8) (build 21.0.6+8-b631.39)
# Java VM: OpenJDK 64-Bit Server VM JBR-21.0.6+8-631.39-jcef (21.0.6+8-b631.39, mixed mode, sharing, tiered, compressed oops, compressed class ptrs, g1 gc, windows-amd64)
# No core dump will be written. Minidumps are not enabled by default on client versions of Windows
#

---------------  S U M M A R Y ------------

Command Line: -Djava.rmi.server.hostname=127.0.0.1 -Duser.timezone=UTC -Xmx2048m -Xms128m -Djdbc.classpath=C:\Users\nthan\AppData\Local\Temp\RemoteDriver.classpath.txt --add-exports=java.desktop/sun.awt=ALL-UNNAMED --add-exports=java.desktop/java.awt.peer=ALL-UNNAMED --add-opens=java.desktop/java.awt=ALL-UNNAMED --add-opens=jdk.unsupported/sun.misc=ALL-UNNAMED --add-opens=java.base/java.nio=ALL-UNNAMED --add-opens=java.base/java.util=ALL-UNNAMED -Dfile.encoding=UTF-8 -Dsun.stdout.encoding=UTF-8 -Dsun.stderr.encoding=UTF-8 com.intellij.database.remote.RemoteJdbcServer com.mysql.cj.jdbc.Driver

Host: AMD Ryzen 7 4800HS with Radeon Graphics         , 16 cores, 15G,  Windows 11 , 64 bit Build 27823 (10.0.27823.1000)
Time: Thu Apr 10 11:24:13 2025 SE Asia Standard Time elapsed time: 1939.761731 seconds (0d 0h 32m 19s)

---------------  T H R E A D  ---------------

Current thread (0x000000805a609d50):  JavaThread "C1 CompilerThread0" daemon [_thread_in_native, id=27012, stack(0x000000805aa00000,0x000000805ab00000) (1024K)]


Current CompileTask:
C1:1939761 2973   !   3       java.util.concurrent.ScheduledThreadPoolExecutor$DelayedWorkQueue::offer (123 bytes)

Stack: [0x000000805aa00000,0x000000805ab00000]
Native frames: (J=compiled Java code, j=interpreted, Vv=VM code, C=native code)
V  [jvm.dll+0x6e5d39]
V  [jvm.dll+0x8c4133]
V  [jvm.dll+0x8c668e]
V  [jvm.dll+0x8c6d73]
V  [jvm.dll+0x288f76]
V  [jvm.dll+0xc66dd]
V  [jvm.dll+0xc6c13]
V  [jvm.dll+0xd379d]
V  [jvm.dll+0x19bebb]
V  [jvm.dll+0x1a314f]
V  [jvm.dll+0x19b5d0]
V  [jvm.dll+0x19aab3]
V  [jvm.dll+0x1a3bfb]
V  [jvm.dll+0x19bbf8]
V  [jvm.dll+0x19f2b2]
V  [jvm.dll+0x157883]
V  [jvm.dll+0x157128]
V  [jvm.dll+0x157366]
V  [jvm.dll+0x1566df]
V  [jvm.dll+0x158501]
V  [jvm.dll+0x25f60c]
V  [jvm.dll+0x25db56]
V  [jvm.dll+0x3ff756]
V  [jvm.dll+0x86bd48]
V  [jvm.dll+0x6e453d]
C  [ucrtbase.dll+0x8cef0]
C  [KERNEL32.DLL+0x364a7]
C  [ntdll.dll+0x7bf0]


---------------  P R O C E S S  ---------------

Threads class SMR info:
_java_thread_list=0x000000805e4763d0, length=20, elements={
0x0000008000520da0, 0x0000008014a8b1d0, 0x0000008014a8b930, 0x0000008014a9e440,
0x0000008014aa0070, 0x0000008014aa46e0, 0x0000008014aa5610, 0x0000008014aa8750,
0x000000805a609d50, 0x000000805a765a80, 0x000000805a768870, 0x000000805a7674c0,
0x000000805a7667a0, 0x000000805a767b50, 0x000000805a766110, 0x000000805a768f00,
0x000000805a7681e0, 0x000000805b22d920, 0x000000805b22f360, 0x000000805b22f9f0
}

Java Threads: ( => current thread )
  0x0000008000520da0 JavaThread "main"                              [_thread_blocked, id=10936, stack(0x00000080008f0000,0x00000080009f0000) (1024K)]
  0x0000008014a8b1d0 JavaThread "Reference Handler"          daemon [_thread_blocked, id=26084, stack(0x0000008014eb0000,0x0000008014fb0000) (1024K)]
  0x0000008014a8b930 JavaThread "Finalizer"                  daemon [_thread_blocked, id=27624, stack(0x000000805a000000,0x000000805a100000) (1024K)]
  0x0000008014a9e440 JavaThread "Signal Dispatcher"          daemon [_thread_blocked, id=24024, stack(0x000000805a100000,0x000000805a200000) (1024K)]
  0x0000008014aa0070 JavaThread "Attach Listener"            daemon [_thread_blocked, id=12504, stack(0x000000805a200000,0x000000805a300000) (1024K)]
  0x0000008014aa46e0 JavaThread "Service Thread"             daemon [_thread_blocked, id=17336, stack(0x000000805a300000,0x000000805a400000) (1024K)]
  0x0000008014aa5610 JavaThread "Monitor Deflation Thread"   daemon [_thread_blocked, id=27476, stack(0x000000805a400000,0x000000805a500000) (1024K)]
  0x0000008014aa8750 JavaThread "C2 CompilerThread0"         daemon [_thread_in_native, id=18672, stack(0x000000805a500000,0x000000805a600000) (1024K)]
=>0x000000805a609d50 JavaThread "C1 CompilerThread0"         daemon [_thread_in_native, id=27012, stack(0x000000805aa00000,0x000000805ab00000) (1024K)]
  0x000000805a765a80 JavaThread "Common-Cleaner"             daemon [_thread_blocked, id=3652, stack(0x000000805ad00000,0x000000805ae00000) (1024K)]
  0x000000805a768870 JavaThread "Notification Thread"        daemon [_thread_blocked, id=27576, stack(0x000000805ae00000,0x000000805af00000) (1024K)]
  0x000000805a7674c0 JavaThread "mysql-cj-abandoned-connection-cleanup" daemon [_thread_blocked, id=28624, stack(0x000000805ba00000,0x000000805bb00000) (1024K)]
  0x000000805a7667a0 JavaThread "RMI TCP Accept-20501"       daemon [_thread_in_native, id=18688, stack(0x000000805bb00000,0x000000805bc00000) (1024K)]
  0x000000805a767b50 JavaThread "RMI TCP Accept-0"           daemon [_thread_in_native, id=8064, stack(0x000000805bc00000,0x000000805bd00000) (1024K)]
  0x000000805a766110 JavaThread "RMI Reaper"                        [_thread_blocked, id=29880, stack(0x000000805bd00000,0x000000805be00000) (1024K)]
  0x000000805a768f00 JavaThread "RMI GC Daemon"              daemon [_thread_blocked, id=21692, stack(0x000000805be00000,0x000000805bf00000) (1024K)]
  0x000000805a7681e0 JavaThread "RMI TCP Connection(1)-127.0.0.1" daemon [_thread_in_native, id=29852, stack(0x000000805bf00000,0x000000805c000000) (1024K)]
  0x000000805b22d920 JavaThread "RMI Scheduler(0)"           daemon [_thread_blocked, id=15768, stack(0x000000805c100000,0x000000805c200000) (1024K)]
  0x000000805b22f360 JavaThread "RMI TCP Connection(4)-127.0.0.1" daemon [_thread_in_native, id=27112, stack(0x000000805c300000,0x000000805c400000) (1024K)]
  0x000000805b22f9f0 JavaThread "RMI RenewClean-[127.0.0.1:57657]" daemon [_thread_blocked, id=29092, stack(0x000000805c400000,0x000000805c500000) (1024K)]
Total: 20

Other Threads:
  0x0000008014a6e2e0 VMThread "VM Thread"                           [id=2548, stack(0x0000008014db0000,0x0000008014eb0000) (1024K)]
  0x0000008014a58fc0 WatcherThread "VM Periodic Task Thread"        [id=28816, stack(0x0000008014cb0000,0x0000008014db0000) (1024K)]
  0x0000008000b821a0 WorkerThread "GC Thread#0"                     [id=7668, stack(0x00000080125b0000,0x00000080126b0000) (1024K)]
  0x000000805b2f5440 WorkerThread "GC Thread#1"                     [id=13276, stack(0x000000805b700000,0x000000805b800000) (1024K)]
  0x000000805b3c61d0 WorkerThread "GC Thread#2"                     [id=30708, stack(0x000000805b800000,0x000000805b900000) (1024K)]
  0x000000805b3c6570 WorkerThread "GC Thread#3"                     [id=30532, stack(0x000000805c500000,0x000000805c600000) (1024K)]
  0x000000805b3cbea0 WorkerThread "GC Thread#4"                     [id=10708, stack(0x000000805c600000,0x000000805c700000) (1024K)]
  0x000000805b3fdc20 WorkerThread "GC Thread#5"                     [id=16292, stack(0x000000805c700000,0x000000805c800000) (1024K)]
  0x000000805b3fe7d0 WorkerThread "GC Thread#6"                     [id=2552, stack(0x000000805c800000,0x000000805c900000) (1024K)]
  0x000000805b403fb0 WorkerThread "GC Thread#7"                     [id=28156, stack(0x000000805c900000,0x000000805ca00000) (1024K)]
  0x000000805b40eb80 WorkerThread "GC Thread#8"                     [id=17816, stack(0x000000805ca00000,0x000000805cb00000) (1024K)]
  0x000000805b23da80 WorkerThread "GC Thread#9"                     [id=28908, stack(0x000000805cb00000,0x000000805cc00000) (1024K)]
  0x000000805b23de20 WorkerThread "GC Thread#10"                    [id=29264, stack(0x000000805cc00000,0x000000805cd00000) (1024K)]
  0x000000805b23e9d0 WorkerThread "GC Thread#11"                    [id=28912, stack(0x000000805cd00000,0x000000805ce00000) (1024K)]
  0x0000008000b93090 ConcurrentGCThread "G1 Main Marker"            [id=21920, stack(0x00000080126b0000,0x00000080127b0000) (1024K)]
  0x0000008000b957d0 WorkerThread "G1 Conc#0"                       [id=29564, stack(0x00000080127b0000,0x00000080128b0000) (1024K)]
  0x000000801491c880 ConcurrentGCThread "G1 Refine#0"               [id=27440, stack(0x0000008014ab0000,0x0000008014bb0000) (1024K)]
  0x000000801491cdb0 ConcurrentGCThread "G1 Service"                [id=26384, stack(0x0000008014bb0000,0x0000008014cb0000) (1024K)]
Total: 18

Threads with active compile tasks:
C2 CompilerThread0  1953589 2976  s!   4       jdk.internal.loader.URLClassPath::getLoader (194 bytes)
C1 CompilerThread0  1953589 2973   !   3       java.util.concurrent.ScheduledThreadPoolExecutor$DelayedWorkQueue::offer (123 bytes)
Total: 2

VM state: not at safepoint (normal execution)

VM Mutex/Monitor currently owned by a thread: None

Heap address: 0x0000000080000000, size: 2048 MB, Compressed Oops mode: 32-bit

CDS archive(s) mapped at: [0x0000008015000000-0x0000008015d00000-0x0000008015d00000), size 13631488, SharedBaseAddress: 0x0000008015000000, ArchiveRelocationMode: 1.
Compressed class space mapped at: 0x0000008016000000-0x0000008056000000, reserved size: 1073741824
Narrow klass base: 0x0000008015000000, Narrow klass shift: 0, Narrow klass range: 0x100000000

GC Precious Log:
 CardTable entry size: 512
 Card Set container configuration: InlinePtr #cards 5 size 8 Array Of Cards #cards 12 size 40 Howl #buckets 4 coarsen threshold 1843 Howl Bitmap #cards 512 size 80 coarsen threshold 460 Card regions per heap region 1 cards per card region 2048
 CPUs: 16 total, 16 available
 Memory: 15789M
 Large Page Support: Disabled
 NUMA Support: Disabled
 Compressed Oops: Enabled (32-bit)
 Heap Region Size: 1M
 Heap Min Capacity: 128M
 Heap Initial Capacity: 128M
 Heap Max Capacity: 2G
 Pre-touch: Disabled
 Parallel Workers: 13
 Concurrent Workers: 3
 Concurrent Refinement Workers: 13
 Periodic GC: Disabled

Heap:
 garbage-first heap   total 131072K, used 37575K [0x0000000080000000, 0x0000000100000000)
  region size 1024K, 32 young (32768K), 3 survivors (3072K)
 Metaspace       used 17655K, committed 18112K, reserved 1114112K
  class space    used 1984K, committed 2176K, reserved 1048576K

Heap Regions: E=young(eden), S=young(survivor), O=old, HS=humongous(starts), HC=humongous(continues), CS=collection set, F=free, TAMS=top-at-mark-start, PB=parsable bottom
|   0|0x0000000080000000, 0x0000000080100000, 0x0000000080100000|100%|HS|  |TAMS 0x0000000080000000| PB 0x0000000080000000| Complete 
|   1|0x0000000080100000, 0x0000000080200000, 0x0000000080200000|100%|HC|  |TAMS 0x0000000080100000| PB 0x0000000080100000| Complete 
|   2|0x0000000080200000, 0x0000000080300000, 0x0000000080300000|100%|HS|  |TAMS 0x0000000080200000| PB 0x0000000080200000| Complete 
|   3|0x0000000080300000, 0x0000000080400000, 0x0000000080400000|100%|HS|  |TAMS 0x0000000080300000| PB 0x0000000080300000| Complete 
|   4|0x0000000080400000, 0x0000000080500000, 0x0000000080500000|100%| O|  |TAMS 0x0000000080400000| PB 0x0000000080400000| Untracked 
|   5|0x0000000080500000, 0x00000000805b1ea0, 0x0000000080600000| 69%| O|  |TAMS 0x0000000080500000| PB 0x0000000080500000| Untracked 
|   6|0x0000000080600000, 0x0000000080600000, 0x0000000080700000|  0%| F|  |TAMS 0x0000000080600000| PB 0x0000000080600000| Untracked 
|   7|0x0000000080700000, 0x0000000080700000, 0x0000000080800000|  0%| F|  |TAMS 0x0000000080700000| PB 0x0000000080700000| Untracked 
|   8|0x0000000080800000, 0x0000000080800000, 0x0000000080900000|  0%| F|  |TAMS 0x0000000080800000| PB 0x0000000080800000| Untracked 
|   9|0x0000000080900000, 0x0000000080900000, 0x0000000080a00000|  0%| F|  |TAMS 0x0000000080900000| PB 0x0000000080900000| Untracked 
|  10|0x0000000080a00000, 0x0000000080a00000, 0x0000000080b00000|  0%| F|  |TAMS 0x0000000080a00000| PB 0x0000000080a00000| Untracked 
|  11|0x0000000080b00000, 0x0000000080b00000, 0x0000000080c00000|  0%| F|  |TAMS 0x0000000080b00000| PB 0x0000000080b00000| Untracked 
|  12|0x0000000080c00000, 0x0000000080c00000, 0x0000000080d00000|  0%| F|  |TAMS 0x0000000080c00000| PB 0x0000000080c00000| Untracked 
|  13|0x0000000080d00000, 0x0000000080d00000, 0x0000000080e00000|  0%| F|  |TAMS 0x0000000080d00000| PB 0x0000000080d00000| Untracked 
|  14|0x0000000080e00000, 0x0000000080e00000, 0x0000000080f00000|  0%| F|  |TAMS 0x0000000080e00000| PB 0x0000000080e00000| Untracked 
|  15|0x0000000080f00000, 0x0000000080f00000, 0x0000000081000000|  0%| F|  |TAMS 0x0000000080f00000| PB 0x0000000080f00000| Untracked 
|  16|0x0000000081000000, 0x0000000081000000, 0x0000000081100000|  0%| F|  |TAMS 0x0000000081000000| PB 0x0000000081000000| Untracked 
|  17|0x0000000081100000, 0x0000000081100000, 0x0000000081200000|  0%| F|  |TAMS 0x0000000081100000| PB 0x0000000081100000| Untracked 
|  18|0x0000000081200000, 0x0000000081200000, 0x0000000081300000|  0%| F|  |TAMS 0x0000000081200000| PB 0x0000000081200000| Untracked 
|  19|0x0000000081300000, 0x0000000081300000, 0x0000000081400000|  0%| F|  |TAMS 0x0000000081300000| PB 0x0000000081300000| Untracked 
|  20|0x0000000081400000, 0x0000000081400000, 0x0000000081500000|  0%| F|  |TAMS 0x0000000081400000| PB 0x0000000081400000| Untracked 
|  21|0x0000000081500000, 0x0000000081500000, 0x0000000081600000|  0%| F|  |TAMS 0x0000000081500000| PB 0x0000000081500000| Untracked 
|  22|0x0000000081600000, 0x0000000081600000, 0x0000000081700000|  0%| F|  |TAMS 0x0000000081600000| PB 0x0000000081600000| Untracked 
|  23|0x0000000081700000, 0x0000000081700000, 0x0000000081800000|  0%| F|  |TAMS 0x0000000081700000| PB 0x0000000081700000| Untracked 
|  24|0x0000000081800000, 0x0000000081800000, 0x0000000081900000|  0%| F|  |TAMS 0x0000000081800000| PB 0x0000000081800000| Untracked 
|  25|0x0000000081900000, 0x0000000081900000, 0x0000000081a00000|  0%| F|  |TAMS 0x0000000081900000| PB 0x0000000081900000| Untracked 
|  26|0x0000000081a00000, 0x0000000081a00000, 0x0000000081b00000|  0%| F|  |TAMS 0x0000000081a00000| PB 0x0000000081a00000| Untracked 
|  27|0x0000000081b00000, 0x0000000081b00000, 0x0000000081c00000|  0%| F|  |TAMS 0x0000000081b00000| PB 0x0000000081b00000| Untracked 
|  28|0x0000000081c00000, 0x0000000081c00000, 0x0000000081d00000|  0%| F|  |TAMS 0x0000000081c00000| PB 0x0000000081c00000| Untracked 
|  29|0x0000000081d00000, 0x0000000081d00000, 0x0000000081e00000|  0%| F|  |TAMS 0x0000000081d00000| PB 0x0000000081d00000| Untracked 
|  30|0x0000000081e00000, 0x0000000081e00000, 0x0000000081f00000|  0%| F|  |TAMS 0x0000000081e00000| PB 0x0000000081e00000| Untracked 
|  31|0x0000000081f00000, 0x0000000081f00000, 0x0000000082000000|  0%| F|  |TAMS 0x0000000081f00000| PB 0x0000000081f00000| Untracked 
|  32|0x0000000082000000, 0x0000000082000000, 0x0000000082100000|  0%| F|  |TAMS 0x0000000082000000| PB 0x0000000082000000| Untracked 
|  33|0x0000000082100000, 0x0000000082100000, 0x0000000082200000|  0%| F|  |TAMS 0x0000000082100000| PB 0x0000000082100000| Untracked 
|  34|0x0000000082200000, 0x0000000082200000, 0x0000000082300000|  0%| F|  |TAMS 0x0000000082200000| PB 0x0000000082200000| Untracked 
|  35|0x0000000082300000, 0x0000000082300000, 0x0000000082400000|  0%| F|  |TAMS 0x0000000082300000| PB 0x0000000082300000| Untracked 
|  36|0x0000000082400000, 0x0000000082400000, 0x0000000082500000|  0%| F|  |TAMS 0x0000000082400000| PB 0x0000000082400000| Untracked 
|  37|0x0000000082500000, 0x0000000082500000, 0x0000000082600000|  0%| F|  |TAMS 0x0000000082500000| PB 0x0000000082500000| Untracked 
|  38|0x0000000082600000, 0x0000000082600000, 0x0000000082700000|  0%| F|  |TAMS 0x0000000082600000| PB 0x0000000082600000| Untracked 
|  39|0x0000000082700000, 0x0000000082700000, 0x0000000082800000|  0%| F|  |TAMS 0x0000000082700000| PB 0x0000000082700000| Untracked 
|  40|0x0000000082800000, 0x0000000082800000, 0x0000000082900000|  0%| F|  |TAMS 0x0000000082800000| PB 0x0000000082800000| Untracked 
|  41|0x0000000082900000, 0x0000000082900000, 0x0000000082a00000|  0%| F|  |TAMS 0x0000000082900000| PB 0x0000000082900000| Untracked 
|  42|0x0000000082a00000, 0x0000000082a00000, 0x0000000082b00000|  0%| F|  |TAMS 0x0000000082a00000| PB 0x0000000082a00000| Untracked 
|  43|0x0000000082b00000, 0x0000000082b00000, 0x0000000082c00000|  0%| F|  |TAMS 0x0000000082b00000| PB 0x0000000082b00000| Untracked 
|  44|0x0000000082c00000, 0x0000000082c00000, 0x0000000082d00000|  0%| F|  |TAMS 0x0000000082c00000| PB 0x0000000082c00000| Untracked 
|  45|0x0000000082d00000, 0x0000000082d00000, 0x0000000082e00000|  0%| F|  |TAMS 0x0000000082d00000| PB 0x0000000082d00000| Untracked 
|  46|0x0000000082e00000, 0x0000000082e00000, 0x0000000082f00000|  0%| F|  |TAMS 0x0000000082e00000| PB 0x0000000082e00000| Untracked 
|  47|0x0000000082f00000, 0x0000000082f00000, 0x0000000083000000|  0%| F|  |TAMS 0x0000000082f00000| PB 0x0000000082f00000| Untracked 
|  48|0x0000000083000000, 0x0000000083000000, 0x0000000083100000|  0%| F|  |TAMS 0x0000000083000000| PB 0x0000000083000000| Untracked 
|  49|0x0000000083100000, 0x0000000083100000, 0x0000000083200000|  0%| F|  |TAMS 0x0000000083100000| PB 0x0000000083100000| Untracked 
|  50|0x0000000083200000, 0x0000000083200000, 0x0000000083300000|  0%| F|  |TAMS 0x0000000083200000| PB 0x0000000083200000| Untracked 
|  51|0x0000000083300000, 0x0000000083300000, 0x0000000083400000|  0%| F|  |TAMS 0x0000000083300000| PB 0x0000000083300000| Untracked 
|  52|0x0000000083400000, 0x0000000083400000, 0x0000000083500000|  0%| F|  |TAMS 0x0000000083400000| PB 0x0000000083400000| Untracked 
|  53|0x0000000083500000, 0x0000000083500000, 0x0000000083600000|  0%| F|  |TAMS 0x0000000083500000| PB 0x0000000083500000| Untracked 
|  54|0x0000000083600000, 0x0000000083600000, 0x0000000083700000|  0%| F|  |TAMS 0x0000000083600000| PB 0x0000000083600000| Untracked 
|  55|0x0000000083700000, 0x0000000083700000, 0x0000000083800000|  0%| F|  |TAMS 0x0000000083700000| PB 0x0000000083700000| Untracked 
|  56|0x0000000083800000, 0x0000000083800000, 0x0000000083900000|  0%| F|  |TAMS 0x0000000083800000| PB 0x0000000083800000| Untracked 
|  57|0x0000000083900000, 0x0000000083900000, 0x0000000083a00000|  0%| F|  |TAMS 0x0000000083900000| PB 0x0000000083900000| Untracked 
|  58|0x0000000083a00000, 0x0000000083a00000, 0x0000000083b00000|  0%| F|  |TAMS 0x0000000083a00000| PB 0x0000000083a00000| Untracked 
|  59|0x0000000083b00000, 0x0000000083b00000, 0x0000000083c00000|  0%| F|  |TAMS 0x0000000083b00000| PB 0x0000000083b00000| Untracked 
|  60|0x0000000083c00000, 0x0000000083c00000, 0x0000000083d00000|  0%| F|  |TAMS 0x0000000083c00000| PB 0x0000000083c00000| Untracked 
|  61|0x0000000083d00000, 0x0000000083d00000, 0x0000000083e00000|  0%| F|  |TAMS 0x0000000083d00000| PB 0x0000000083d00000| Untracked 
|  62|0x0000000083e00000, 0x0000000083e00000, 0x0000000083f00000|  0%| F|  |TAMS 0x0000000083e00000| PB 0x0000000083e00000| Untracked 
|  63|0x0000000083f00000, 0x0000000083f00000, 0x0000000084000000|  0%| F|  |TAMS 0x0000000083f00000| PB 0x0000000083f00000| Untracked 
|  64|0x0000000084000000, 0x0000000084000000, 0x0000000084100000|  0%| F|  |TAMS 0x0000000084000000| PB 0x0000000084000000| Untracked 
|  65|0x0000000084100000, 0x0000000084100000, 0x0000000084200000|  0%| F|  |TAMS 0x0000000084100000| PB 0x0000000084100000| Untracked 
|  66|0x0000000084200000, 0x0000000084200000, 0x0000000084300000|  0%| F|  |TAMS 0x0000000084200000| PB 0x0000000084200000| Untracked 
|  67|0x0000000084300000, 0x0000000084300000, 0x0000000084400000|  0%| F|  |TAMS 0x0000000084300000| PB 0x0000000084300000| Untracked 
|  68|0x0000000084400000, 0x0000000084400000, 0x0000000084500000|  0%| F|  |TAMS 0x0000000084400000| PB 0x0000000084400000| Untracked 
|  69|0x0000000084500000, 0x0000000084500000, 0x0000000084600000|  0%| F|  |TAMS 0x0000000084500000| PB 0x0000000084500000| Untracked 
|  70|0x0000000084600000, 0x0000000084600000, 0x0000000084700000|  0%| F|  |TAMS 0x0000000084600000| PB 0x0000000084600000| Untracked 
|  71|0x0000000084700000, 0x0000000084700000, 0x0000000084800000|  0%| F|  |TAMS 0x0000000084700000| PB 0x0000000084700000| Untracked 
|  72|0x0000000084800000, 0x0000000084800000, 0x0000000084900000|  0%| F|  |TAMS 0x0000000084800000| PB 0x0000000084800000| Untracked 
|  73|0x0000000084900000, 0x0000000084900000, 0x0000000084a00000|  0%| F|  |TAMS 0x0000000084900000| PB 0x0000000084900000| Untracked 
|  74|0x0000000084a00000, 0x0000000084a00000, 0x0000000084b00000|  0%| F|  |TAMS 0x0000000084a00000| PB 0x0000000084a00000| Untracked 
|  75|0x0000000084b00000, 0x0000000084b00000, 0x0000000084c00000|  0%| F|  |TAMS 0x0000000084b00000| PB 0x0000000084b00000| Untracked 
|  76|0x0000000084c00000, 0x0000000084c00000, 0x0000000084d00000|  0%| F|  |TAMS 0x0000000084c00000| PB 0x0000000084c00000| Untracked 
|  77|0x0000000084d00000, 0x0000000084d00000, 0x0000000084e00000|  0%| F|  |TAMS 0x0000000084d00000| PB 0x0000000084d00000| Untracked 
|  78|0x0000000084e00000, 0x0000000084e00000, 0x0000000084f00000|  0%| F|  |TAMS 0x0000000084e00000| PB 0x0000000084e00000| Untracked 
|  79|0x0000000084f00000, 0x0000000084f00000, 0x0000000085000000|  0%| F|  |TAMS 0x0000000084f00000| PB 0x0000000084f00000| Untracked 
|  80|0x0000000085000000, 0x0000000085000000, 0x0000000085100000|  0%| F|  |TAMS 0x0000000085000000| PB 0x0000000085000000| Untracked 
|  81|0x0000000085100000, 0x0000000085100000, 0x0000000085200000|  0%| F|  |TAMS 0x0000000085100000| PB 0x0000000085100000| Untracked 
|  82|0x0000000085200000, 0x0000000085200000, 0x0000000085300000|  0%| F|  |TAMS 0x0000000085200000| PB 0x0000000085200000| Untracked 
|  83|0x0000000085300000, 0x0000000085300000, 0x0000000085400000|  0%| F|  |TAMS 0x0000000085300000| PB 0x0000000085300000| Untracked 
|  84|0x0000000085400000, 0x0000000085400000, 0x0000000085500000|  0%| F|  |TAMS 0x0000000085400000| PB 0x0000000085400000| Untracked 
|  85|0x0000000085500000, 0x0000000085500000, 0x0000000085600000|  0%| F|  |TAMS 0x0000000085500000| PB 0x0000000085500000| Untracked 
|  86|0x0000000085600000, 0x0000000085600000, 0x0000000085700000|  0%| F|  |TAMS 0x0000000085600000| PB 0x0000000085600000| Untracked 
|  87|0x0000000085700000, 0x0000000085700000, 0x0000000085800000|  0%| F|  |TAMS 0x0000000085700000| PB 0x0000000085700000| Untracked 
|  88|0x0000000085800000, 0x0000000085800000, 0x0000000085900000|  0%| F|  |TAMS 0x0000000085800000| PB 0x0000000085800000| Untracked 
|  89|0x0000000085900000, 0x0000000085900000, 0x0000000085a00000|  0%| F|  |TAMS 0x0000000085900000| PB 0x0000000085900000| Untracked 
|  90|0x0000000085a00000, 0x0000000085a00000, 0x0000000085b00000|  0%| F|  |TAMS 0x0000000085a00000| PB 0x0000000085a00000| Untracked 
|  91|0x0000000085b00000, 0x0000000085b00000, 0x0000000085c00000|  0%| F|  |TAMS 0x0000000085b00000| PB 0x0000000085b00000| Untracked 
|  92|0x0000000085c00000, 0x0000000085c00000, 0x0000000085d00000|  0%| F|  |TAMS 0x0000000085c00000| PB 0x0000000085c00000| Untracked 
|  93|0x0000000085d00000, 0x0000000085d00000, 0x0000000085e00000|  0%| F|  |TAMS 0x0000000085d00000| PB 0x0000000085d00000| Untracked 
|  94|0x0000000085e00000, 0x0000000085e00000, 0x0000000085f00000|  0%| F|  |TAMS 0x0000000085e00000| PB 0x0000000085e00000| Untracked 
|  95|0x0000000085f00000, 0x0000000085f00000, 0x0000000086000000|  0%| F|  |TAMS 0x0000000085f00000| PB 0x0000000085f00000| Untracked 
|  96|0x0000000086000000, 0x00000000860a5800, 0x0000000086100000| 64%| E|  |TAMS 0x0000000086000000| PB 0x0000000086000000| Complete 
|  97|0x0000000086100000, 0x0000000086200000, 0x0000000086200000|100%| E|CS|TAMS 0x0000000086100000| PB 0x0000000086100000| Complete 
|  98|0x0000000086200000, 0x0000000086300000, 0x0000000086300000|100%| E|CS|TAMS 0x0000000086200000| PB 0x0000000086200000| Complete 
|  99|0x0000000086300000, 0x0000000086400000, 0x0000000086400000|100%| E|CS|TAMS 0x0000000086300000| PB 0x0000000086300000| Complete 
| 100|0x0000000086400000, 0x0000000086500000, 0x0000000086500000|100%| E|CS|TAMS 0x0000000086400000| PB 0x0000000086400000| Complete 
| 101|0x0000000086500000, 0x0000000086600000, 0x0000000086600000|100%| E|CS|TAMS 0x0000000086500000| PB 0x0000000086500000| Complete 
| 102|0x0000000086600000, 0x0000000086700000, 0x0000000086700000|100%| S|CS|TAMS 0x0000000086600000| PB 0x0000000086600000| Complete 
| 103|0x0000000086700000, 0x0000000086800000, 0x0000000086800000|100%| S|CS|TAMS 0x0000000086700000| PB 0x0000000086700000| Complete 
| 104|0x0000000086800000, 0x0000000086900000, 0x0000000086900000|100%| S|CS|TAMS 0x0000000086800000| PB 0x0000000086800000| Complete 
| 105|0x0000000086900000, 0x0000000086a00000, 0x0000000086a00000|100%| E|CS|TAMS 0x0000000086900000| PB 0x0000000086900000| Complete 
| 106|0x0000000086a00000, 0x0000000086b00000, 0x0000000086b00000|100%| E|CS|TAMS 0x0000000086a00000| PB 0x0000000086a00000| Complete 
| 107|0x0000000086b00000, 0x0000000086c00000, 0x0000000086c00000|100%| E|CS|TAMS 0x0000000086b00000| PB 0x0000000086b00000| Complete 
| 108|0x0000000086c00000, 0x0000000086d00000, 0x0000000086d00000|100%| E|CS|TAMS 0x0000000086c00000| PB 0x0000000086c00000| Complete 
| 109|0x0000000086d00000, 0x0000000086e00000, 0x0000000086e00000|100%| E|CS|TAMS 0x0000000086d00000| PB 0x0000000086d00000| Complete 
| 110|0x0000000086e00000, 0x0000000086f00000, 0x0000000086f00000|100%| E|CS|TAMS 0x0000000086e00000| PB 0x0000000086e00000| Complete 
| 111|0x0000000086f00000, 0x0000000087000000, 0x0000000087000000|100%| E|CS|TAMS 0x0000000086f00000| PB 0x0000000086f00000| Complete 
| 112|0x0000000087000000, 0x0000000087100000, 0x0000000087100000|100%| E|CS|TAMS 0x0000000087000000| PB 0x0000000087000000| Complete 
| 113|0x0000000087100000, 0x0000000087200000, 0x0000000087200000|100%| E|CS|TAMS 0x0000000087100000| PB 0x0000000087100000| Complete 
| 114|0x0000000087200000, 0x0000000087300000, 0x0000000087300000|100%| E|CS|TAMS 0x0000000087200000| PB 0x0000000087200000| Complete 
| 115|0x0000000087300000, 0x0000000087400000, 0x0000000087400000|100%| E|CS|TAMS 0x0000000087300000| PB 0x0000000087300000| Complete 
| 116|0x0000000087400000, 0x0000000087500000, 0x0000000087500000|100%| E|CS|TAMS 0x0000000087400000| PB 0x0000000087400000| Complete 
| 117|0x0000000087500000, 0x0000000087600000, 0x0000000087600000|100%| E|CS|TAMS 0x0000000087500000| PB 0x0000000087500000| Complete 
| 118|0x0000000087600000, 0x0000000087700000, 0x0000000087700000|100%| E|CS|TAMS 0x0000000087600000| PB 0x0000000087600000| Complete 
| 119|0x0000000087700000, 0x0000000087800000, 0x0000000087800000|100%| E|CS|TAMS 0x0000000087700000| PB 0x0000000087700000| Complete 
| 120|0x0000000087800000, 0x0000000087900000, 0x0000000087900000|100%| E|CS|TAMS 0x0000000087800000| PB 0x0000000087800000| Complete 
| 121|0x0000000087900000, 0x0000000087a00000, 0x0000000087a00000|100%| E|CS|TAMS 0x0000000087900000| PB 0x0000000087900000| Complete 
| 122|0x0000000087a00000, 0x0000000087b00000, 0x0000000087b00000|100%| E|CS|TAMS 0x0000000087a00000| PB 0x0000000087a00000| Complete 
| 123|0x0000000087b00000, 0x0000000087c00000, 0x0000000087c00000|100%| E|CS|TAMS 0x0000000087b00000| PB 0x0000000087b00000| Complete 
| 124|0x0000000087c00000, 0x0000000087d00000, 0x0000000087d00000|100%| E|CS|TAMS 0x0000000087c00000| PB 0x0000000087c00000| Complete 
| 125|0x0000000087d00000, 0x0000000087e00000, 0x0000000087e00000|100%| E|CS|TAMS 0x0000000087d00000| PB 0x0000000087d00000| Complete 
| 126|0x0000000087e00000, 0x0000000087f00000, 0x0000000087f00000|100%| E|CS|TAMS 0x0000000087e00000| PB 0x0000000087e00000| Complete 
| 127|0x0000000087f00000, 0x0000000088000000, 0x0000000088000000|100%| E|CS|TAMS 0x0000000087f00000| PB 0x0000000087f00000| Complete 

Card table byte_map: [0x00000080100e0000,0x00000080104e0000] _byte_map_base: 0x000000800fce0000

Marking Bits: (CMBitMap*) 0x0000008000b827b0
 Bits: [0x00000080104e0000, 0x00000080124e0000)

Polling page: 0x0000008000170000

Metaspace:

Usage:
  Non-class:     15.30 MB used.
      Class:      1.94 MB used.
       Both:     17.24 MB used.

Virtual space:
  Non-class space:       64.00 MB reserved,      15.56 MB ( 24%) committed,  1 nodes.
      Class space:        1.00 GB reserved,       2.12 MB ( <1%) committed,  1 nodes.
             Both:        1.06 GB reserved,      17.69 MB (  2%) committed. 

Chunk freelists:
   Non-Class:  96.00 KB
       Class:  13.89 MB
        Both:  13.98 MB

MaxMetaspaceSize: unlimited
CompressedClassSpaceSize: 1.00 GB
Initial GC threshold: 21.00 MB
Current GC threshold: 21.00 MB
CDS: on
 - commit_granule_bytes: 65536.
 - commit_granule_words: 8192.
 - virtual_space_node_default_size: 8388608.
 - enlarge_chunks_in_place: 1.
 - use_allocation_guard: 0.


Internal statistics:

num_allocs_failed_limit: 0.
num_arena_births: 562.
num_arena_deaths: 0.
num_vsnodes_births: 2.
num_vsnodes_deaths: 0.
num_space_committed: 283.
num_space_uncommitted: 0.
num_chunks_returned_to_freelist: 0.
num_chunks_taken_from_freelist: 1020.
num_chunk_merges: 0.
num_chunk_splits: 632.
num_chunks_enlarged: 289.
num_inconsistent_stats: 0.

CodeHeap 'non-profiled nmethods': size=119168Kb used=1083Kb max_used=1083Kb free=118085Kb
 bounds [0x0000008008790000, 0x0000008008a00000, 0x000000800fbf0000]
CodeHeap 'profiled nmethods': size=119104Kb used=5969Kb max_used=5969Kb free=113134Kb
 bounds [0x0000008000bf0000, 0x00000080011d0000, 0x0000008008040000]
CodeHeap 'non-nmethods': size=7488Kb used=1521Kb max_used=3259Kb free=5967Kb
 bounds [0x0000008008040000, 0x0000008008380000, 0x0000008008790000]
 total_blobs=3562 nmethods=2972 adapters=494
 compilation: enabled
              stopped_count=0, restarted_count=0
 full_count=0

Compilation events (20 events):
Event: 1820.157 Thread 0x0000008014aa8750 nmethod 2963 0x000000800889c190 code [0x000000800889c320, 0x000000800889c440]
Event: 1857.926 Thread 0x000000805a609d50 2964   !   3       sun.rmi.server.UnicastServerRef::oldDispatch (133 bytes)
Event: 1858.007 Thread 0x000000805a609d50 nmethod 2964 0x00000080011c0810 code [0x00000080011c0b80, 0x00000080011c20e8]
Event: 1865.209 Thread 0x000000805a609d50 2965       3       java.util.concurrent.atomic.AtomicLong::getAndIncrement (12 bytes)
Event: 1865.212 Thread 0x000000805a609d50 nmethod 2965 0x00000080011c2a90 code [0x00000080011c2c20, 0x00000080011c2d40]
Event: 1865.212 Thread 0x000000805a609d50 2966   !   3       jdk.internal.reflect.GeneratedSerializationConstructorAccessor11::newInstance (49 bytes)
Event: 1865.216 Thread 0x0000008014aa8750 2967       4       sun.nio.ch.Util$BufferCache::get (164 bytes)
Event: 1865.226 Thread 0x000000805a609d50 nmethod 2966 0x00000080011c2e10 code [0x00000080011c3000, 0x00000080011c3420]
Event: 1865.251 Thread 0x0000008014aa8750 nmethod 2967 0x000000800889c590 code [0x000000800889c760, 0x000000800889ccd8]
Event: 1865.252 Thread 0x0000008014aa8750 2968       4       sun.nio.ch.Util::offerFirstTemporaryDirectBuffer (53 bytes)
Event: 1865.286 Thread 0x0000008014aa8750 nmethod 2968 0x000000800889d090 code [0x000000800889d260, 0x000000800889d670]
Event: 1865.286 Thread 0x0000008014aa8750 2969       4       sun.nio.ch.Util::getTemporaryDirectBuffer (55 bytes)
Event: 1865.310 Thread 0x0000008014aa8750 nmethod 2969 0x000000800889da10 code [0x000000800889dc60, 0x000000800889e460]
Event: 1937.360 Thread 0x000000805a609d50 2970       3       java.util.concurrent.ScheduledThreadPoolExecutor::triggerTime (22 bytes)
Event: 1937.361 Thread 0x000000805a609d50 nmethod 2970 0x00000080011c3690 code [0x00000080011c3840, 0x00000080011c3a20]
Event: 1937.361 Thread 0x000000805a609d50 2971       3       java.util.concurrent.ScheduledThreadPoolExecutor$DelayedWorkQueue::add (9 bytes)
Event: 1937.363 Thread 0x000000805a609d50 nmethod 2971 0x00000080011c3b10 code [0x00000080011c3ce0, 0x00000080011c3fb8]
Event: 1937.363 Thread 0x000000805a609d50 2972       3       java.util.concurrent.ScheduledThreadPoolExecutor$DelayedWorkQueue::add (6 bytes)
Event: 1937.363 Thread 0x000000805a609d50 nmethod 2972 0x00000080011c4090 code [0x00000080011c4240, 0x00000080011c4398]
Event: 1937.363 Thread 0x000000805a609d50 2973   !   3       java.util.concurrent.ScheduledThreadPoolExecutor$DelayedWorkQueue::offer (123 bytes)

GC Heap History (2 events):
Event: 1.195 GC heap before
{Heap before GC invocations=0 (full 0):
 garbage-first heap   total 131072K, used 27648K [0x0000000080000000, 0x0000000100000000)
  region size 1024K, 23 young (23552K), 0 survivors (0K)
 Metaspace       used 7523K, committed 7936K, reserved 1114112K
  class space    used 955K, committed 1152K, reserved 1048576K
}
Event: 1.201 GC heap after
{Heap after GC invocations=1 (full 0):
 garbage-first heap   total 131072K, used 8903K [0x0000000080000000, 0x0000000100000000)
  region size 1024K, 3 young (3072K), 3 survivors (3072K)
 Metaspace       used 7523K, committed 7936K, reserved 1114112K
  class space    used 955K, committed 1152K, reserved 1048576K
}

Dll operation events (2 events):
Event: 0.085 Loaded shared library D:\inter\IntelliJ IDEA 2024.3.4.1\jbr\bin\java.dll
Event: 0.156 Loaded shared library D:\inter\IntelliJ IDEA 2024.3.4.1\jbr\bin\zip.dll

Deoptimization events (20 events):
Event: 7.815 Thread 0x000000805b22f360 DEOPT PACKING pc=0x0000008000f6a43d sp=0x000000805c3fd5f0
Event: 7.815 Thread 0x000000805b22f360 DEOPT UNPACKING pc=0x0000008008094e42 sp=0x000000805c3fca20 mode 0
Event: 7.816 Thread 0x000000805b22f360 DEOPT PACKING pc=0x0000008000f6a470 sp=0x000000805c3fd1a0
Event: 7.816 Thread 0x000000805b22f360 DEOPT UNPACKING pc=0x0000008008094e42 sp=0x000000805c3fc5d0 mode 0
Event: 7.817 Thread 0x000000805b22f360 Uncommon trap: trap_request=0xffffffc6 fr.pc=0x000000800882a67c relative=0x000000000000031c
Event: 7.820 Thread 0x000000805b22f360 Uncommon trap: reason=bimorphic_or_optimized_type_check action=maybe_recompile pc=0x000000800882a67c method=java.util.regex.Pattern$SliceI.match(Ljava/util/regex/Matcher;ILjava/lang/CharSequence;)Z @ 92 c2
Event: 7.820 Thread 0x000000805b22f360 DEOPT PACKING pc=0x000000800882a67c sp=0x000000805c3fe230
Event: 7.820 Thread 0x000000805b22f360 DEOPT UNPACKING pc=0x00000080080946a2 sp=0x000000805c3fe1d8 mode 2
Event: 7.820 Thread 0x000000805b22f360 Uncommon trap: trap_request=0xffffffc6 fr.pc=0x000000800882a67c relative=0x000000000000031c
Event: 7.820 Thread 0x000000805b22f360 Uncommon trap: reason=bimorphic_or_optimized_type_check action=maybe_recompile pc=0x000000800882a67c method=java.util.regex.Pattern$SliceI.match(Ljava/util/regex/Matcher;ILjava/lang/CharSequence;)Z @ 92 c2
Event: 7.820 Thread 0x000000805b22f360 DEOPT PACKING pc=0x000000800882a67c sp=0x000000805c3fe280
Event: 7.820 Thread 0x000000805b22f360 DEOPT UNPACKING pc=0x00000080080946a2 sp=0x000000805c3fe228 mode 2
Event: 139.759 Thread 0x000000805b230080 Uncommon trap: trap_request=0xffffff45 fr.pc=0x00000080088422f8 relative=0x0000000000000c78
Event: 139.759 Thread 0x000000805b230080 Uncommon trap: reason=unstable_if action=reinterpret pc=0x00000080088422f8 method=java.util.concurrent.ConcurrentHashMap.addCount(JI)V @ 34 c2
Event: 139.759 Thread 0x000000805b230080 DEOPT PACKING pc=0x00000080088422f8 sp=0x000000805acfe040
Event: 139.759 Thread 0x000000805b230080 DEOPT UNPACKING pc=0x00000080080946a2 sp=0x000000805acfdf00 mode 2
Event: 811.852 Thread 0x000000805b22f360 Uncommon trap: trap_request=0xffffff45 fr.pc=0x00000080087b9450 relative=0x0000000000000170
Event: 811.852 Thread 0x000000805b22f360 Uncommon trap: reason=unstable_if action=reinterpret pc=0x00000080087b9450 method=java.util.concurrent.ConcurrentHashMap.addCount(JI)V @ 7 c2
Event: 811.852 Thread 0x000000805b22f360 DEOPT PACKING pc=0x00000080087b9450 sp=0x000000805c3fdfd0
Event: 811.852 Thread 0x000000805b22f360 DEOPT UNPACKING pc=0x00000080080946a2 sp=0x000000805c3fdf30 mode 2

Classes loaded (20 events):
Event: 1.849 Loading class java/lang/invoke/BoundMethodHandle$Species_LI
Event: 1.849 Loading class java/lang/invoke/BoundMethodHandle$Species_LI done
Event: 1.852 Loading class java/util/AbstractList$ListItr
Event: 1.852 Loading class java/util/AbstractList$ListItr done
Event: 1.863 Loading class java/util/function/UnaryOperator
Event: 1.863 Loading class java/util/function/UnaryOperator done
Event: 2.081 Loading class java/util/DualPivotQuicksort
Event: 2.081 Loading class java/util/DualPivotQuicksort done
Event: 16.138 Loading class java/util/ArrayList$ListItr
Event: 16.138 Loading class java/util/ArrayList$ListItr done
Event: 811.853 Loading class sun/security/ssl/Alert
Event: 811.853 Loading class sun/security/ssl/Alert done
Event: 811.853 Loading class sun/security/ssl/Alert$AlertConsumer
Event: 811.853 Loading class sun/security/ssl/Alert$AlertConsumer done
Event: 811.853 Loading class sun/security/ssl/Alert$Level
Event: 811.853 Loading class sun/security/ssl/Alert$Level done
Event: 811.854 Loading class java/io/InterruptedIOException
Event: 811.854 Loading class java/io/InterruptedIOException done
Event: 811.854 Loading class java/lang/StackTraceElement$HashedModules
Event: 811.855 Loading class java/lang/StackTraceElement$HashedModules done

Classes unloaded (0 events):
No events

Classes redefined (0 events):
No events

Internal exceptions (20 events):
Event: 1.596 Thread 0x000000805b22f360 Exception <a 'java/lang/NoSuchMethodError'{0x00000000873e0bc0}: 'void java.lang.invoke.DirectMethodHandle$Holder.invokeVirtual(java.lang.Object, java.lang.Object)'> (0x00000000873e0bc0) 
thrown [s\src\hotspot\share\interpreter\linkResolver.cpp, line 784]
Event: 1.703 Thread 0x000000805b22f360 Implicit null exception at 0x0000008008838e40 to 0x0000008008839528
Event: 1.704 Thread 0x000000805b22f360 Exception <a 'java/lang/NoSuchMethodError'{0x00000000870f2190}: 'java.lang.Object java.lang.invoke.DirectMethodHandle$Holder.newInvokeSpecial(java.lang.Object, java.lang.Object, int)'> (0x00000000870f2190) 
thrown [s\src\hotspot\share\interpreter\linkResolver.cpp, line 784]
Event: 1.766 Thread 0x000000805b22f360 Exception <a 'java/lang/NoSuchMethodError'{0x0000000086fe46a8}: 'java.lang.Object java.lang.invoke.DirectMethodHandle$Holder.invokeInterface(java.lang.Object, java.lang.Object, java.lang.Object)'> (0x0000000086fe46a8) 
thrown [s\src\hotspot\share\interpreter\linkResolver.cpp, line 784]
Event: 1.769 Thread 0x000000805b22f360 Exception <a 'java/lang/NoSuchMethodError'{0x0000000086ff10a0}: 'void java.lang.invoke.DirectMethodHandle$Holder.invokeInterface(java.lang.Object, java.lang.Object, java.lang.Object, java.lang.Object)'> (0x0000000086ff10a0) 
thrown [s\src\hotspot\share\interpreter\linkResolver.cpp, line 784]
Event: 1.769 Thread 0x000000805b22f360 Exception <a 'java/lang/NoSuchMethodError'{0x0000000086ff51a0}: 'void java.lang.invoke.DirectMethodHandle$Holder.invokeSpecial(java.lang.Object, java.lang.Object, java.lang.Object, java.lang.Object, java.lang.Object)'> (0x0000000086ff51a0) 
thrown [s\src\hotspot\share\interpreter\linkResolver.cpp, line 784]
Event: 1.770 Thread 0x000000805b22f360 Exception <a 'java/lang/NoSuchMethodError'{0x0000000086e03718}: 'java.lang.Object java.lang.invoke.Invokers$Holder.invokeExact_MT(java.lang.Object, java.lang.Object, java.lang.Object, java.lang.Object, java.lang.Object)'> (0x0000000086e03718) 
thrown [s\src\hotspot\share\interpreter\linkResolver.cpp, line 784]
Event: 1.795 Thread 0x000000805b22f360 Exception <a 'java/lang/NoSuchMethodError'{0x0000000086e1a8f8}: 'int java.lang.invoke.DirectMethodHandle$Holder.invokeInterface(java.lang.Object, java.lang.Object)'> (0x0000000086e1a8f8) 
thrown [s\src\hotspot\share\interpreter\linkResolver.cpp, line 784]
Event: 1.848 Thread 0x000000805b22f360 Exception <a 'java/lang/NoSuchMethodError'{0x0000000086da34c8}: 'int java.lang.invoke.DirectMethodHandle$Holder.invokeInterface(java.lang.Object, java.lang.Object, int)'> (0x0000000086da34c8) 
thrown [s\src\hotspot\share\interpreter\linkResolver.cpp, line 784]
Event: 1.849 Thread 0x000000805b22f360 Exception <a 'java/lang/NoSuchMethodError'{0x0000000086da7578}: 'int java.lang.invoke.DirectMethodHandle$Holder.invokeSpecial(java.lang.Object, java.lang.Object, java.lang.Object, int)'> (0x0000000086da7578) 
thrown [s\src\hotspot\share\interpreter\linkResolver.cpp, line 784]
Event: 1.850 Thread 0x000000805b22f360 Exception <a 'java/lang/NoSuchMethodError'{0x0000000086db9a78}: 'java.lang.Object java.lang.invoke.DirectMethodHandle$Holder.invokeStatic(java.lang.Object, java.lang.Object, java.lang.Object, java.lang.Object, int)'> (0x0000000086db9a78) 
thrown [s\src\hotspot\share\interpreter\linkResolver.cpp, line 784]
Event: 1.860 Thread 0x000000805b22f360 Exception <a 'java/lang/NoSuchMethodError'{0x0000000086de51d0}: 'void java.lang.invoke.DirectMethodHandle$Holder.invokeInterface(java.lang.Object, java.lang.Object, int)'> (0x0000000086de51d0) 
thrown [s\src\hotspot\share\interpreter\linkResolver.cpp, line 784]
Event: 1.860 Thread 0x000000805b22f360 Exception <a 'java/lang/NoSuchMethodError'{0x0000000086de9058}: 'void java.lang.invoke.DelegatingMethodHandle$Holder.reinvoke_L(java.lang.Object, java.lang.Object, int)'> (0x0000000086de9058) 
thrown [s\src\hotspot\share\interpreter\linkResolver.cpp, line 784]
Event: 1.911 Thread 0x000000805b22f360 Exception <a 'java/lang/NoSuchMethodError'{0x0000000086c83088}: 'void java.lang.invoke.DirectMethodHandle$Holder.invokeInterface(java.lang.Object, java.lang.Object)'> (0x0000000086c83088) 
thrown [s\src\hotspot\share\interpreter\linkResolver.cpp, line 784]
Event: 2.033 Thread 0x000000805b22f360 Exception <a 'java/lang/NoSuchMethodError'{0x0000000086bfbea0}: 'java.lang.Object java.lang.invoke.DirectMethodHandle$Holder.invokeInterface(java.lang.Object, java.lang.Object, int)'> (0x0000000086bfbea0) 
thrown [s\src\hotspot\share\interpreter\linkResolver.cpp, line 784]
Event: 2.076 Thread 0x000000805b22f360 Exception <a 'java/lang/NoSuchMethodError'{0x0000000086a6b960}: 'int java.lang.invoke.DirectMethodHandle$Holder.invokeInterface(java.lang.Object, java.lang.Object, int, int)'> (0x0000000086a6b960) 
thrown [s\src\hotspot\share\interpreter\linkResolver.cpp, line 784]
Event: 2.076 Thread 0x000000805b22f360 Exception <a 'java/lang/NoSuchMethodError'{0x0000000086a72c60}: 'int java.lang.invoke.DelegatingMethodHandle$Holder.reinvoke_L(java.lang.Object, java.lang.Object, int, int)'> (0x0000000086a72c60) 
thrown [s\src\hotspot\share\interpreter\linkResolver.cpp, line 784]
Event: 2.080 Thread 0x000000805b22f360 Exception <a 'java/lang/NoSuchMethodError'{0x0000000086a897d8}: static Lcom/intellij/database/remote/jdbc/RemoteResultSet$DataRetrievingOptions;.<clinit>()V> (0x0000000086a897d8) 
thrown [s\src\hotspot\share\prims\jni.cpp, line 1135]
Event: 2.083 Thread 0x000000805b22f360 Exception <a 'java/lang/NoSuchMethodError'{0x0000000086a9e0e0}: static [Ljava/lang/Object;.<clinit>()V> (0x0000000086a9e0e0) 
thrown [s\src\hotspot\share\prims\jni.cpp, line 1135]
Event: 811.854 Thread 0x000000805b22f360 Exception <a 'java/io/IOException'{0x0000000086291c08}> (0x0000000086291c08) 
thrown [s\src\hotspot\share\prims\jni.cpp, line 535]

ZGC Phase Switch (0 events):
No events

VM Operations (20 events):
Event: 811.924 Executing VM operation: Cleanup
Event: 811.924 Executing VM operation: Cleanup done
Event: 919.790 Executing VM operation: Cleanup
Event: 919.790 Executing VM operation: Cleanup done
Event: 1010.514 Executing VM operation: Cleanup
Event: 1010.514 Executing VM operation: Cleanup done
Event: 1128.486 Executing VM operation: Cleanup
Event: 1128.486 Executing VM operation: Cleanup done
Event: 1136.549 Executing VM operation: Cleanup
Event: 1136.549 Executing VM operation: Cleanup done
Event: 1152.665 Executing VM operation: Cleanup
Event: 1152.665 Executing VM operation: Cleanup done
Event: 1388.435 Executing VM operation: Cleanup
Event: 1388.435 Executing VM operation: Cleanup done
Event: 1829.756 Executing VM operation: Cleanup
Event: 1829.756 Executing VM operation: Cleanup done
Event: 1866.134 Executing VM operation: Cleanup
Event: 1866.137 Executing VM operation: Cleanup done
Event: 1875.226 Executing VM operation: Cleanup
Event: 1875.227 Executing VM operation: Cleanup done

Memory protections (0 events):
No events

Nmethod flushes (0 events):
No events

Events (20 events):
Event: 139.759 Thread 0x000000805b22d290 Thread exited: 0x000000805b22d290
Event: 139.759 Thread 0x000000805b230da0 Thread exited: 0x000000805b230da0
Event: 139.759 Thread 0x000000805b22e640 Thread exited: 0x000000805b22e640
Event: 139.760 Thread 0x000000805b22f360 Thread added: 0x000000805b230710
Event: 139.760 Thread 0x000000805b22f360 Thread added: 0x000000805b22ecd0
Event: 139.760 Thread 0x000000805b230710 Thread exited: 0x000000805b230710
Event: 139.760 Thread 0x000000805b231ac0 Thread exited: 0x000000805b231ac0
Event: 139.760 Thread 0x000000805b22f360 Thread added: 0x000000805b230080
Event: 139.760 Thread 0x000000805b22ecd0 Thread exited: 0x000000805b22ecd0
Event: 139.761 Thread 0x000000805b230080 Thread exited: 0x000000805b230080
Event: 139.761 Thread 0x000000805b22f360 Thread added: 0x000000805b230710
Event: 139.761 Thread 0x000000805b22f360 Thread added: 0x000000805b22d290
Event: 139.761 Thread 0x000000805b230710 Thread exited: 0x000000805b230710
Event: 139.761 Thread 0x000000805b22d290 Thread exited: 0x000000805b22d290
Event: 289.318 Thread 0x000000805a609d50 Thread added: 0x000000805a60a420
Event: 289.318 Thread 0x000000805a609d50 Thread added: 0x000000805a6088e0
Event: 294.334 Thread 0x000000805a6088e0 Thread exited: 0x000000805a6088e0
Event: 299.335 Thread 0x000000805a60a420 Thread exited: 0x000000805a60a420
Event: 823.353 Thread 0x000000805b22f360 Thread added: 0x000000805b22d290
Event: 823.353 Thread 0x000000805b22d290 Thread exited: 0x000000805b22d290


Dynamic libraries:
0x00007ff656ac0000 - 0x00007ff656aca000 	D:\inter\IntelliJ IDEA 2024.3.4.1\jbr\bin\java.exe
0x00007fff0fb30000 - 0x00007fff0fd85000 	C:\WINDOWS\SYSTEM32\ntdll.dll
0x00007fff0f720000 - 0x00007fff0f7e9000 	C:\WINDOWS\System32\KERNEL32.DLL
0x00007fff0d000000 - 0x00007fff0d3cd000 	C:\WINDOWS\System32\KERNELBASE.dll
0x00007fff0cbc0000 - 0x00007fff0cd0e000 	C:\WINDOWS\System32\ucrtbase.dll
0x00007ffee21e0000 - 0x00007ffee21fb000 	D:\inter\IntelliJ IDEA 2024.3.4.1\jbr\bin\VCRUNTIME140.dll
0x00007fff053b0000 - 0x00007fff053c8000 	D:\inter\IntelliJ IDEA 2024.3.4.1\jbr\bin\jli.dll
0x00007fff0ed90000 - 0x00007fff0ef5c000 	C:\WINDOWS\System32\USER32.dll
0x00007fff0cd20000 - 0x00007fff0cd47000 	C:\WINDOWS\System32\win32u.dll
0x00007fff0ed50000 - 0x00007fff0ed83000 	C:\WINDOWS\System32\GDI32.dll
0x00007ffefa410000 - 0x00007ffefa6aa000 	C:\WINDOWS\WinSxS\amd64_microsoft.windows.common-controls_6595b64144ccf1df_6.0.27823.1000_none_14d5f85cba0a1827\COMCTL32.dll
0x00007fff0d740000 - 0x00007fff0d86d000 	C:\WINDOWS\System32\gdi32full.dll
0x00007fff0ea60000 - 0x00007fff0eb09000 	C:\WINDOWS\System32\msvcrt.dll
0x00007fff0d470000 - 0x00007fff0d514000 	C:\WINDOWS\System32\msvcp_win.dll
0x00007fff0e560000 - 0x00007fff0e606000 	C:\WINDOWS\System32\sechost.dll
0x00007fff0e610000 - 0x00007fff0e63f000 	C:\WINDOWS\System32\IMM32.DLL
0x00007ffefd230000 - 0x00007ffefd23c000 	D:\inter\IntelliJ IDEA 2024.3.4.1\jbr\bin\vcruntime140_1.dll
0x00007ffec9700000 - 0x00007ffec978d000 	D:\inter\IntelliJ IDEA 2024.3.4.1\jbr\bin\msvcp140.dll
0x00007ffe584a0000 - 0x00007ffe59261000 	D:\inter\IntelliJ IDEA 2024.3.4.1\jbr\bin\server\jvm.dll
0x00007fff0eb10000 - 0x00007fff0ebc3000 	C:\WINDOWS\System32\ADVAPI32.dll
0x00007fff0e1c0000 - 0x00007fff0e2d2000 	C:\WINDOWS\System32\RPCRT4.dll
0x00007fff0fa60000 - 0x00007fff0fad5000 	C:\WINDOWS\System32\WS2_32.dll
0x00007fff0ca50000 - 0x00007fff0caad000 	C:\WINDOWS\SYSTEM32\POWRPROF.dll
0x00007fff0a480000 - 0x00007fff0a4b6000 	C:\WINDOWS\SYSTEM32\WINMM.dll
0x00007fff056f0000 - 0x00007fff056fb000 	C:\WINDOWS\SYSTEM32\VERSION.dll
0x00007fff0ca30000 - 0x00007fff0ca44000 	C:\WINDOWS\SYSTEM32\UMPDC.dll
0x00007fff0ba40000 - 0x00007fff0ba5a000 	C:\WINDOWS\SYSTEM32\kernel.appcore.dll
0x00007ffefb2a0000 - 0x00007ffefb2aa000 	D:\inter\IntelliJ IDEA 2024.3.4.1\jbr\bin\jimage.dll
0x00007fff0a1a0000 - 0x00007fff0a470000 	C:\WINDOWS\SYSTEM32\DBGHELP.DLL
0x00007fff0e650000 - 0x00007fff0e9d1000 	C:\WINDOWS\System32\combase.dll
0x00007fff0e480000 - 0x00007fff0e556000 	C:\WINDOWS\System32\OLEAUT32.dll
0x00007fff0a160000 - 0x00007fff0a199000 	C:\WINDOWS\SYSTEM32\dbgcore.DLL
0x00007fff0d6a0000 - 0x00007fff0d732000 	C:\WINDOWS\System32\bcryptPrimitives.dll
0x00007ffedf280000 - 0x00007ffedf2a0000 	D:\inter\IntelliJ IDEA 2024.3.4.1\jbr\bin\java.dll
0x00007fff0d8b0000 - 0x00007fff0dfd8000 	C:\WINDOWS\System32\SHELL32.dll
0x00007fff0ce10000 - 0x00007fff0cf7a000 	C:\WINDOWS\System32\wintypes.dll
0x00007fff0a8a0000 - 0x00007fff0b100000 	C:\WINDOWS\SYSTEM32\windows.storage.dll
0x00007fff0f7f0000 - 0x00007fff0f8e0000 	C:\WINDOWS\System32\SHCORE.dll
0x00007fff0ef60000 - 0x00007fff0efc5000 	C:\WINDOWS\System32\shlwapi.dll
0x00007fff0cad0000 - 0x00007fff0caff000 	C:\WINDOWS\SYSTEM32\profapi.dll
0x00007ffedf260000 - 0x00007ffedf278000 	D:\inter\IntelliJ IDEA 2024.3.4.1\jbr\bin\zip.dll
0x00007ffef9eb0000 - 0x00007ffef9ec0000 	D:\inter\IntelliJ IDEA 2024.3.4.1\jbr\bin\net.dll
0x00007fff04d50000 - 0x00007fff04e6c000 	C:\WINDOWS\SYSTEM32\WINHTTP.dll
0x00007fff0d3d0000 - 0x00007fff0d438000 	C:\WINDOWS\System32\mswsock.dll
0x00007ffedf240000 - 0x00007ffedf256000 	D:\inter\IntelliJ IDEA 2024.3.4.1\jbr\bin\nio.dll
0x00007fff0b430000 - 0x00007fff0b463000 	C:\WINDOWS\SYSTEM32\IPHLPAPI.DLL
0x00007fff0ebd0000 - 0x00007fff0ebda000 	C:\WINDOWS\System32\NSI.dll
0x00007fff0c1f0000 - 0x00007fff0c20a000 	C:\WINDOWS\SYSTEM32\CRYPTSP.dll
0x00007fff0b9a0000 - 0x00007fff0b9d9000 	C:\WINDOWS\system32\rsaenh.dll
0x00007fff0bfd0000 - 0x00007fff0bffb000 	C:\WINDOWS\SYSTEM32\USERENV.dll
0x00007fff0d440000 - 0x00007fff0d466000 	C:\WINDOWS\System32\bcrypt.dll
0x00007fff0c210000 - 0x00007fff0c21c000 	C:\WINDOWS\SYSTEM32\CRYPTBASE.dll
0x00007ffee35b0000 - 0x00007ffee35b9000 	D:\inter\IntelliJ IDEA 2024.3.4.1\jbr\bin\extnet.dll
0x00007ffee4550000 - 0x00007ffee4557000 	D:\inter\IntelliJ IDEA 2024.3.4.1\jbr\bin\rmi.dll
0x00007fff0b4c0000 - 0x00007fff0b5e8000 	C:\WINDOWS\SYSTEM32\DNSAPI.dll
0x00007ffefacf0000 - 0x00007ffefacfb000 	C:\Windows\System32\rasadhlp.dll
0x00007fff03f30000 - 0x00007fff03fb6000 	C:\WINDOWS\System32\fwpuclnt.dll
0x00007ffee66e0000 - 0x00007ffee66ee000 	D:\inter\IntelliJ IDEA 2024.3.4.1\jbr\bin\sunmscapi.dll
0x00007fff0d520000 - 0x00007fff0d69a000 	C:\WINDOWS\System32\CRYPT32.dll
0x00007fff0c400000 - 0x00007fff0c430000 	C:\WINDOWS\SYSTEM32\ncrypt.dll
0x00007fff0c3b0000 - 0x00007fff0c3ef000 	C:\WINDOWS\SYSTEM32\NTASN1.dll

dbghelp: loaded successfully - version: 4.0.5 - missing functions: none
symbol engine: initialized successfully - sym options: 0x614 - pdb path: .;D:\inter\IntelliJ IDEA 2024.3.4.1\jbr\bin;C:\WINDOWS\SYSTEM32;C:\WINDOWS\WinSxS\amd64_microsoft.windows.common-controls_6595b64144ccf1df_6.0.27823.1000_none_14d5f85cba0a1827;D:\inter\IntelliJ IDEA 2024.3.4.1\jbr\bin\server

VM Arguments:
jvm_args: -Djava.rmi.server.hostname=127.0.0.1 -Duser.timezone=UTC -Xmx2048m -Xms128m -Djdbc.classpath=C:\Users\nthan\AppData\Local\Temp\RemoteDriver.classpath.txt --add-exports=java.desktop/sun.awt=ALL-UNNAMED --add-exports=java.desktop/java.awt.peer=ALL-UNNAMED --add-opens=java.desktop/java.awt=ALL-UNNAMED --add-opens=jdk.unsupported/sun.misc=ALL-UNNAMED --add-opens=java.base/java.nio=ALL-UNNAMED --add-opens=java.base/java.util=ALL-UNNAMED -Dfile.encoding=UTF-8 -Dsun.stdout.encoding=UTF-8 -Dsun.stderr.encoding=UTF-8 
java_command: com.intellij.database.remote.RemoteJdbcServer com.mysql.cj.jdbc.Driver
java_class_path (initial): D:\inter\IntelliJ IDEA 2024.3.4.1\lib\util_rt.jar;D:\inter\IntelliJ IDEA 2024.3.4.1\lib\util-8.jar;D:\inter\IntelliJ IDEA 2024.3.4.1\lib\groovy.jar;D:\inter\IntelliJ IDEA 2024.3.4.1\plugins\DatabaseTools\lib\jdbc-console.jar;D:\inter\IntelliJ IDEA 2024.3.4.1\plugins\grid-core-impl\lib\jdbc-console-types.jar;D:\inter\IntelliJ IDEA 2024.3.4.1\lib\util.jar;D:\inter\IntelliJ IDEA 2024.3.4.1\lib\bouncy-castle.jar
Launcher Type: SUN_STANDARD

[Global flags]
     intx CICompilerCount                          = 12                                        {product} {ergonomic}
     uint ConcGCThreads                            = 3                                         {product} {ergonomic}
     uint G1ConcRefinementThreads                  = 13                                        {product} {ergonomic}
   size_t G1HeapRegionSize                         = 1048576                                   {product} {ergonomic}
    uintx GCDrainStackTargetSize                   = 64                                        {product} {ergonomic}
   size_t InitialHeapSize                          = 134217728                                 {product} {command line}
   size_t MarkStackSize                            = 4194304                                   {product} {ergonomic}
   size_t MaxHeapSize                              = 2147483648                                {product} {command line}
   size_t MaxNewSize                               = 1287651328                                {product} {ergonomic}
   size_t MinHeapDeltaBytes                        = 1048576                                   {product} {ergonomic}
   size_t MinHeapSize                              = 134217728                                 {product} {command line}
    uintx NonNMethodCodeHeapSize                   = 7602480                                {pd product} {ergonomic}
    uintx NonProfiledCodeHeapSize                  = 122027880                              {pd product} {ergonomic}
    uintx ProfiledCodeHeapSize                     = 122027880                              {pd product} {ergonomic}
    uintx ReservedCodeCacheSize                    = 251658240                              {pd product} {ergonomic}
     bool SegmentedCodeCache                       = true                                      {product} {ergonomic}
   size_t SoftMaxHeapSize                          = 2147483648                             {manageable} {ergonomic}
     bool UseCompressedOops                        = true                           {product lp64_product} {ergonomic}
     bool UseG1GC                                  = true                                      {product} {ergonomic}
     bool UseLargePagesIndividualAllocation        = false                                  {pd product} {ergonomic}

Logging:
Log output configuration:
 #0: stdout all=warning uptime,level,tags foldmultilines=false
 #1: stderr all=off uptime,level,tags foldmultilines=false

Environment Variables:
PATH=C:\Program Files\Common Files\Oracle\Java\javapath;C:\Windows\system32;C:\Windows;C:\Windows\System32\Wbem;C:\Windows\System32\WindowsPowerShell\v1.0\;C:\Windows\System32\OpenSSH\;C:\Program Files (x86)\NVIDIA Corporation\PhysX\Common;C:\WINDOWS\system32;C:\WINDOWS;C:\WINDOWS\System32\Wbem;C:\WINDOWS\System32\WindowsPowerShell\v1.0\;C:\WINDOWS\System32\OpenSSH\;C:\Program Files (x86)\Git\cmd;C:\Program Files\nodejs\;C:\Program Files\dotnet\;C:\Program Files\Microsoft SQL Server\150\Tools\Binn\;C:\Program Files\Microsoft SQL Server\Client SDK\ODBC\170\Tools\Binn\;C:\Program Files\NVIDIA Corporation\NVIDIA App\NvDLISR;C:\Program Files\MySQL\MySQL Shell 8.0\bin\;C:\Users\nthan\AppData\Local\Microsoft\WindowsApps;;D:\webstorm\WebStorm 2024.3.4\bin;;D:\inter\IntelliJ IDEA 2024.3.4.1\bin;;C:\Users\nthan\AppData\Roaming\npm;C:\Users\nthan\AppData\Local\Programs\Microsoft VS Code\bin;C:\Users\nthan\.dotnet\tools
USERNAME=nthan
OS=Windows_NT
PROCESSOR_IDENTIFIER=AMD64 Family 23 Model 96 Stepping 1, AuthenticAMD
TMP=C:\Users\nthan\AppData\Local\Temp
TEMP=C:\Users\nthan\AppData\Local\Temp




Periodic native trim disabled

JNI global refs:
JNI global refs: 25, weak refs: 0

JNI global refs memory usage: 835, weak refs: 201

Process memory usage:
Resident Set Size: 19044K (0% of 16168544K total physical memory with 936260K free physical memory)

OOME stack traces (most recent first):
Classloader memory used:
Loader bootstrap                                                                       : 11117K
Loader jdk.internal.loader.ClassLoaders$AppClassLoader                                 : 2948K
Loader com.intellij.database.remote.jdbc.impl.JdbcClassLoader$JdbcClassLoaderImpl      : 2705K
Loader jdk.internal.loader.ClassLoaders$PlatformClassLoader                            : 769K
Loader jdk.internal.reflect.DelegatingClassLoader                                      : 108K
Loader com.intellij.database.remote.jdbc.impl.JdbcClassLoader$1                        : 6904B


[error occurred during error reporting (Classloader stats), id 0xe0000001, Out of Memory Error (s\src\hotspot\share\memory\arena.cpp:168)]
---------------  S Y S T E M  ---------------

OS:
 Windows 11 , 64 bit Build 27823 (10.0.27823.1000)
OS uptime: 0 days 15:12 hours
Hyper-V role detected

CPU: total 16 (initial active 16) (16 cores per cpu, 2 threads per core) family 23 model 96 stepping 1 microcode 0x8600104, cx8, cmov, fxsr, ht, mmx, 3dnowpref, sse, sse2, sse3, ssse3, sse4a, sse4.1, sse4.2, popcnt, lzcnt, tsc, tscinvbit, avx, avx2, aes, clmul, bmi1, bmi2, adx, sha, fma, vzeroupper, clflush, clflushopt, hv, rdtscp, rdpid, f16c
Processor Information for the first 16 processors :
  Max Mhz: 2900, Current Mhz: 2900, Mhz Limit: 2900

Memory: 4k page, system-wide physical 15789M (1410M free)
TotalPageFile size 41569M (AvailPageFile size 1M)
current process WorkingSet (physical memory assigned to process): 25M, peak: 136M
current process commit charge ("private bytes"): 252M, peak: 279M

vm_info: OpenJDK 64-Bit Server VM (21.0.6+8-b631.39) for windows-amd64 JRE (21.0.6+8-b631.39), built on 2025-02-04 by "builduser" with MS VC++ 16.10 / 16.11 (VS2019)

END.
